<?xml version="1.0" encoding="UTF-8"?>
<testsuite xmlns:xsi="http://www.w3.org/2001/XMLSchema-instance" xsi:noNamespaceSchemaLocation="https://maven.apache.org/surefire/maven-surefire-plugin/xsd/surefire-test-report-3.0.xsd" version="3.0" name="com.shadaan.pub_sub.PubSubApplicationTests" time="4.81" tests="1" errors="0" skipped="0" failures="0">
  <properties>
[...]
</properties>
  <testcase name="contextLoads" classname="com.shadaan.pub_sub.PubSubApplicationTests" time="1.017">
    <system-out><![CDATA[17:18:18.032 [main] INFO org.springframework.test.context.support.AnnotationConfigContextLoaderUtils -- Could not detect default configuration classes for test class [com.shadaan.pub_sub.PubSubApplicationTests]: PubSubApplicationTests does not declare any static, non-private, non-final, nested classes annotated with @Configuration.
17:18:18.256 [main] INFO org.springframework.boot.test.context.SpringBootTestContextBootstrapper -- Found @SpringBootConfiguration com.shadaan.pub_sub.PubSubApplication for test class com.shadaan.pub_sub.PubSubApplicationTests

  .   ____          _            __ _ _
 /\\ / ___'_ __ _ _(_)_ __  __ _ \ \ \ \
( ( )\___ | '_ | '_| | '_ \/ _` | \ \ \ \
 \\/  ___)| |_)| | | | | || (_| |  ) ) ) )
  '  |____| .__|_| |_|_| |_\__, | / / / /
 =========|_|==============|___/=/_/_/_/

 :: Spring Boot ::                (v3.3.2)

2024-07-27T17:18:19.054+05:30  WARN 229626 --- [pub-sub] [           main] ory$DuplicateJsonObjectContextCustomizer : 

Found multiple occurrences of org.json.JSONObject on the class path:

	jar:file:/home/shadaan5212/.m2/repository/org/json/json/20240303/json-20240303.jar!/org/json/JSONObject.class
	jar:file:/home/shadaan5212/.m2/repository/com/vaadin/external/google/android-json/0.0.20131108.vaadin1/android-json-0.0.20131108.vaadin1.jar!/org/json/JSONObject.class

You may wish to exclude one of them to ensure predictable runtime behavior

2024-07-27T17:18:19.073+05:30  INFO 229626 --- [pub-sub] [           main] c.s.pub_sub.PubSubApplicationTests       : Starting PubSubApplicationTests using Java 17.0.10 with PID 229626 (started by shadaan5212 in /home/shadaan5212/Downloads/pub-sub)
2024-07-27T17:18:19.074+05:30  INFO 229626 --- [pub-sub] [           main] c.s.pub_sub.PubSubApplicationTests       : No active profile set, falling back to 1 default profile: "default"
2024-07-27T17:18:20.186+05:30  INFO 229626 --- [pub-sub] [           main] faultConfiguringBeanFactoryPostProcessor : No bean named 'errorChannel' has been explicitly defined. Therefore, a default PublishSubscribeChannel will be created.
2024-07-27T17:18:20.194+05:30  INFO 229626 --- [pub-sub] [           main] faultConfiguringBeanFactoryPostProcessor : No bean named 'integrationHeaderChannelRegistry' has been explicitly defined. Therefore, a default DefaultHeaderChannelRegistry will be created.
2024-07-27T17:18:21.272+05:30  INFO 229626 --- [pub-sub] [           main] o.s.i.endpoint.EventDrivenConsumer       : Adding {logging-channel-adapter:_org.springframework.integration.errorLogger} as a subscriber to the 'errorChannel' channel
2024-07-27T17:18:21.273+05:30  INFO 229626 --- [pub-sub] [           main] o.s.i.channel.PublishSubscribeChannel    : Channel 'pub-sub.errorChannel' has 1 subscriber(s).
2024-07-27T17:18:21.273+05:30  INFO 229626 --- [pub-sub] [           main] o.s.i.endpoint.EventDrivenConsumer       : started bean '_org.springframework.integration.errorLogger'
2024-07-27T17:18:21.284+05:30  INFO 229626 --- [pub-sub] [           main] c.s.pub_sub.PubSubApplicationTests       : Started PubSubApplicationTests in 2.634 seconds (process running for 4.614)
]]></system-out>
  </testcase>
</testsuite>